<?xml version="1.0" encoding="UTF-8"?>
<!-- Generated by org.testng.reporters.JUnitReportReporter -->
<testsuite hostname="GAL000485" failures="0" tests="4" name="com.project.testcases.SearchPageTest" time="2.074" errors="1" timestamp="2021-11-20T12:03:26 IST" skipped="3">
  <testcase classname="com.project.testcases.SearchPageTest" name="before" time="2.074">
    <error message="session not created: This version of ChromeDriver only supports Chrome version 94
Current browser version is 96.0.4664.45 with binary path C:\Users\nishika_manira\AppData\Local\Google\Chrome\Application\chrome.exe
Build info: version: &#039;3.141.59&#039;, revision: &#039;e82be7d358&#039;, time: &#039;2018-11-14T08:25:48&#039;
System info: host: &#039;GAL000485&#039;, ip: &#039;172.20.10.8&#039;, os.name: &#039;Windows 10&#039;, os.arch: &#039;amd64&#039;, os.version: &#039;10.0&#039;, java.version: &#039;17&#039;
Driver info: driver.version: ChromeDriver
remote stacktrace: Backtrace:
	Ordinal0 [0x0028BDE3+2473443]
	Ordinal0 [0x00226661+2057825]
	Ordinal0 [0x00132438+1057848]
	Ordinal0 [0x0015054A+1181002]
	Ordinal0 [0x0014C435+1164341]
	Ordinal0 [0x00149CAF+1154223]
	Ordinal0 [0x00179ADF+1350367]
	Ordinal0 [0x0017974A+1349450]
	Ordinal0 [0x001755AB+1332651]
	Ordinal0 [0x00152104+1188100]
	Ordinal0 [0x00152F59+1191769]
	GetHandleVerifier [0x00412266+1549718]
	GetHandleVerifier [0x004BD4A7+2250711]
	GetHandleVerifier [0x0031718B+521403]
	GetHandleVerifier [0x00316229+517465]
	Ordinal0 [0x0022B79D+2078621]
	Ordinal0 [0x0022FB58+2095960]
	Ordinal0 [0x0022FC92+2096274]
	Ordinal0 [0x00239541+2135361]
	BaseThreadInitThunk [0x77C4FA29+25]
	RtlGetAppContainerNamedObjectPath [0x77E47A9E+286]
	RtlGetAppContainerNamedObjectPath [0x77E47A6E+238]
	(No symbol) [0x00000000]
" type="org.openqa.selenium.SessionNotCreatedException">
      <![CDATA[org.openqa.selenium.SessionNotCreatedException: session not created: This version of ChromeDriver only supports Chrome version 94
Current browser version is 96.0.4664.45 with binary path C:\Users\nishika_manira\AppData\Local\Google\Chrome\Application\chrome.exe
Build info: version: '3.141.59', revision: 'e82be7d358', time: '2018-11-14T08:25:48'
System info: host: 'GAL000485', ip: '172.20.10.8', os.name: 'Windows 10', os.arch: 'amd64', os.version: '10.0', java.version: '17'
Driver info: driver.version: ChromeDriver
remote stacktrace: Backtrace:
Ordinal0 [0x0028BDE3+2473443]
Ordinal0 [0x00226661+2057825]
Ordinal0 [0x00132438+1057848]
Ordinal0 [0x0015054A+1181002]
Ordinal0 [0x0014C435+1164341]
Ordinal0 [0x00149CAF+1154223]
Ordinal0 [0x00179ADF+1350367]
Ordinal0 [0x0017974A+1349450]
Ordinal0 [0x001755AB+1332651]
Ordinal0 [0x00152104+1188100]
Ordinal0 [0x00152F59+1191769]
GetHandleVerifier [0x00412266+1549718]
GetHandleVerifier [0x004BD4A7+2250711]
GetHandleVerifier [0x0031718B+521403]
GetHandleVerifier [0x00316229+517465]
Ordinal0 [0x0022B79D+2078621]
Ordinal0 [0x0022FB58+2095960]
Ordinal0 [0x0022FC92+2096274]
Ordinal0 [0x00239541+2135361]
BaseThreadInitThunk [0x77C4FA29+25]
RtlGetAppContainerNamedObjectPath [0x77E47A9E+286]
RtlGetAppContainerNamedObjectPath [0x77E47A6E+238]
(No symbol) [0x00000000]

at java.base/jdk.internal.reflect.NativeConstructorAccessorImpl.newInstance0(Native Method)
at java.base/jdk.internal.reflect.NativeConstructorAccessorImpl.newInstance(NativeConstructorAccessorImpl.java:77)
at java.base/jdk.internal.reflect.DelegatingConstructorAccessorImpl.newInstance(DelegatingConstructorAccessorImpl.java:45)
at java.base/java.lang.reflect.Constructor.newInstanceWithCaller(Constructor.java:499)
at java.base/java.lang.reflect.Constructor.newInstance(Constructor.java:480)
at org.openqa.selenium.remote.W3CHandshakeResponse.lambda$errorHandler$0(W3CHandshakeResponse.java:62)
at org.openqa.selenium.remote.HandshakeResponse.lambda$getResponseFunction$0(HandshakeResponse.java:30)
at org.openqa.selenium.remote.ProtocolHandshake.lambda$createSession$0(ProtocolHandshake.java:126)
at java.base/java.util.stream.ReferencePipeline$3$1.accept(ReferencePipeline.java:197)
at java.base/java.util.Spliterators$ArraySpliterator.tryAdvance(Spliterators.java:1002)
at java.base/java.util.stream.ReferencePipeline.forEachWithCancel(ReferencePipeline.java:129)
at java.base/java.util.stream.AbstractPipeline.copyIntoWithCancel(AbstractPipeline.java:527)
at java.base/java.util.stream.AbstractPipeline.copyInto(AbstractPipeline.java:513)
at java.base/java.util.stream.AbstractPipeline.wrapAndCopyInto(AbstractPipeline.java:499)
at java.base/java.util.stream.FindOps$FindOp.evaluateSequential(FindOps.java:150)
at java.base/java.util.stream.AbstractPipeline.evaluate(AbstractPipeline.java:234)
at java.base/java.util.stream.ReferencePipeline.findFirst(ReferencePipeline.java:647)
at org.openqa.selenium.remote.ProtocolHandshake.createSession(ProtocolHandshake.java:128)
at org.openqa.selenium.remote.ProtocolHandshake.createSession(ProtocolHandshake.java:74)
at org.openqa.selenium.remote.HttpCommandExecutor.execute(HttpCommandExecutor.java:136)
at org.openqa.selenium.remote.service.DriverCommandExecutor.execute(DriverCommandExecutor.java:83)
at org.openqa.selenium.remote.RemoteWebDriver.execute(RemoteWebDriver.java:552)
at org.openqa.selenium.remote.RemoteWebDriver.startSession(RemoteWebDriver.java:213)
at org.openqa.selenium.remote.RemoteWebDriver.<init>(RemoteWebDriver.java:131)
at org.openqa.selenium.chrome.ChromeDriver.<init>(ChromeDriver.java:181)
at org.openqa.selenium.chrome.ChromeDriver.<init>(ChromeDriver.java:168)
at org.openqa.selenium.chrome.ChromeDriver.<init>(ChromeDriver.java:123)
at com.project.testcases.SearchPageTest.before(SearchPageTest.java:61)
at java.base/jdk.internal.reflect.NativeMethodAccessorImpl.invoke0(Native Method)
at java.base/jdk.internal.reflect.NativeMethodAccessorImpl.invoke(NativeMethodAccessorImpl.java:77)
at java.base/jdk.internal.reflect.DelegatingMethodAccessorImpl.invoke(DelegatingMethodAccessorImpl.java:43)
at java.base/java.lang.reflect.Method.invoke(Method.java:568)
at org.testng.internal.MethodInvocationHelper.invokeMethod(MethodInvocationHelper.java:133)
at org.testng.internal.MethodInvocationHelper.invokeMethodConsideringTimeout(MethodInvocationHelper.java:62)
at org.testng.internal.ConfigInvoker.invokeConfigurationMethod(ConfigInvoker.java:385)
at org.testng.internal.ConfigInvoker.invokeConfigurations(ConfigInvoker.java:321)
at org.testng.internal.TestMethodWorker.invokeBeforeClassMethods(TestMethodWorker.java:176)
at org.testng.internal.TestMethodWorker.run(TestMethodWorker.java:122)
at java.base/java.util.ArrayList.forEach(ArrayList.java:1511)
at org.testng.TestRunner.privateRun(TestRunner.java:794)
at org.testng.TestRunner.run(TestRunner.java:596)
at org.testng.SuiteRunner.runTest(SuiteRunner.java:377)
at org.testng.SuiteRunner.runSequentially(SuiteRunner.java:371)
at org.testng.SuiteRunner.privateRun(SuiteRunner.java:332)
at org.testng.SuiteRunner.run(SuiteRunner.java:276)
at org.testng.SuiteRunnerWorker.runSuite(SuiteRunnerWorker.java:53)
at org.testng.SuiteRunnerWorker.run(SuiteRunnerWorker.java:96)
at org.testng.TestNG.runSuitesSequentially(TestNG.java:1212)
at org.testng.TestNG.runSuitesLocally(TestNG.java:1134)
at org.testng.TestNG.runSuites(TestNG.java:1063)
at org.testng.TestNG.run(TestNG.java:1031)
at org.testng.remote.AbstractRemoteTestNG.run(AbstractRemoteTestNG.java:115)
at org.testng.remote.RemoteTestNG.initAndRun(RemoteTestNG.java:251)
at org.testng.remote.RemoteTestNG.main(RemoteTestNG.java:77)
]]>
    </error>
  </testcase> <!-- before -->
  <system-out/>
  <testcase classname="com.project.testcases.SearchPageTest" name="SearchValidTest" time="0.000">
    <skipped/>
  </testcase> <!-- SearchValidTest -->
  <system-out/>
  <testcase classname="com.project.testcases.SearchPageTest" name="SearchPartialTest" time="0.000">
    <skipped/>
  </testcase> <!-- SearchPartialTest -->
  <system-out/>
  <testcase classname="com.project.testcases.SearchPageTest" name="SearchInvalidTest" time="0.000">
    <skipped/>
  </testcase> <!-- SearchInvalidTest -->
  <system-out/>
</testsuite> <!-- com.project.testcases.SearchPageTest -->
